<?xml version="1.0" encoding="UTF-8"?>
<!-- Generated by org.testng.reporters.JUnitReportReporter -->
<testsuite hostname="DESKTOP-NUT9ITH" failures="0" tests="1" name="TestCases.LocationSearchTest_TC001" time="12.938" errors="0" timestamp="2022-10-22T21:08:03 IST" skipped="0">
  <testcase classname="TestCases.LocationSearchTest_TC001" name="LocationSearch" time="12.938"/>
  <system-out/>
</testsuite> <!-- TestCases.LocationSearchTest_TC001 -->
